This file contains any messages produced by compilers while
running configure, to aid debugging if configure makes a mistake.

It was created by disk-manager configure 1.1.1, which was
generated by GNU Autoconf 2.69.  Invocation command line was

  $ ./configure --datadir=/home/sd/git/mxlinux/disk-manager/disk-manager-1.1.1/data

## --------- ##
## Platform. ##
## --------- ##

hostname = beast
uname -m = x86_64
uname -r = 5.10.0-9-amd64
uname -s = Linux
uname -v = #1 SMP Debian 5.10.70-1 (2021-09-30)

/usr/bin/uname -p = unknown
/bin/uname -X     = unknown

/bin/arch              = x86_64
/usr/bin/arch -k       = unknown
/usr/convex/getsysinfo = unknown
/usr/bin/hostinfo      = unknown
/bin/machine           = unknown
/usr/bin/oslevel       = unknown
/bin/universe          = unknown

PATH: /home/sd/.cargo/bin
PATH: /usr/local/bin
PATH: /usr/bin
PATH: /bin
PATH: /usr/local/games
PATH: /usr/games
PATH: /sbin
PATH: /usr/sbin
PATH: /home/sd/bin
PATH: /home/sd/.local/bin


## ----------- ##
## Core tests. ##
## ----------- ##

configure:2275: checking for a BSD-compatible install
configure:2343: result: /usr/bin/install -c
configure:2354: checking whether build environment is sane
configure:2409: result: yes
configure:2560: checking for a thread-safe mkdir -p
configure:2599: result: /usr/bin/mkdir -p
configure:2606: checking for gawk
configure:2622: found /usr/bin/gawk
configure:2633: result: gawk
configure:2644: checking whether make sets $(MAKE)
configure:2666: result: yes
configure:2695: checking whether make supports nested variables
configure:2712: result: yes
configure:2839: checking whether to enable maintainer-specific portions of Makefiles
configure:2848: result: no
configure:2867: checking for su-to-root
configure:2883: found /usr/bin/su-to-root
configure:2894: result: su-to-root
configure:2915: checking for modprobe
configure:2933: found /sbin/modprobe
configure:2945: result: /sbin/modprobe
configure:2961: checking for mount
configure:2979: found /usr/bin/mount
configure:2991: result: /usr/bin/mount
configure:3007: checking for umount
configure:3025: found /usr/bin/umount
configure:3037: result: /usr/bin/umount
configure:3053: checking for blkid
configure:3071: found /sbin/blkid
configure:3083: result: /sbin/blkid
configure:3099: checking for dmsetup
configure:3117: found /sbin/dmsetup
configure:3129: result: /sbin/dmsetup
configure:3154: checking for python
configure:3187: result: no
configure:3154: checking for python2
configure:3187: result: no
configure:3154: checking for python3
configure:3172: found /usr/bin/python3
configure:3184: result: /usr/bin/python3
configure:3205: checking for python version
configure:3212: result: 3.9
configure:3224: checking for python platform
configure:3231: result: linux
configure:3257: checking for python script directory
configure:3292: result: ${prefix}/lib/python3.9/site-packages
configure:3301: checking for python extension module directory
configure:3336: result: ${exec_prefix}/lib/python3.9/site-packages
configure:3364: checking whether make supports the include directive
configure:3379: make -f confmf.GNU && cat confinc.out
this is the am__doit target
configure:3382: $? = 0
configure:3401: result: yes (GNU style)
configure:3471: checking for gcc
configure:3487: found /usr/bin/gcc
configure:3498: result: gcc
configure:3727: checking for C compiler version
configure:3736: gcc --version >&5
gcc (Debian 10.2.1-6) 10.2.1 20210110
Copyright (C) 2020 Free Software Foundation, Inc.
This is free software; see the source for copying conditions.  There is NO
warranty; not even for MERCHANTABILITY or FITNESS FOR A PARTICULAR PURPOSE.

configure:3747: $? = 0
configure:3736: gcc -v >&5
Using built-in specs.
COLLECT_GCC=gcc
COLLECT_LTO_WRAPPER=/usr/lib/gcc/x86_64-linux-gnu/10/lto-wrapper
OFFLOAD_TARGET_NAMES=nvptx-none:amdgcn-amdhsa:hsa
OFFLOAD_TARGET_DEFAULT=1
Target: x86_64-linux-gnu
Configured with: ../src/configure -v --with-pkgversion='Debian 10.2.1-6' --with-bugurl=file:///usr/share/doc/gcc-10/README.Bugs --enable-languages=c,ada,c++,go,brig,d,fortran,objc,obj-c++,m2 --prefix=/usr --with-gcc-major-version-only --program-suffix=-10 --program-prefix=x86_64-linux-gnu- --enable-shared --enable-linker-build-id --libexecdir=/usr/lib --without-included-gettext --enable-threads=posix --libdir=/usr/lib --enable-nls --enable-bootstrap --enable-clocale=gnu --enable-libstdcxx-debug --enable-libstdcxx-time=yes --with-default-libstdcxx-abi=new --enable-gnu-unique-object --disable-vtable-verify --enable-plugin --enable-default-pie --with-system-zlib --enable-libphobos-checking=release --with-target-system-zlib=auto --enable-objc-gc=auto --enable-multiarch --disable-werror --with-arch-32=i686 --with-abi=m64 --with-multilib-list=m32,m64,mx32 --enable-multilib --with-tune=generic --enable-offload-targets=nvptx-none=/build/gcc-10-Km9U7s/gcc-10-10.2.1/debian/tmp-nvptx/usr,amdgcn-amdhsa=/build/gcc-10-Km9U7s/gcc-10-10.2.1/debian/tmp-gcn/usr,hsa --without-cuda-driver --enable-checking=release --build=x86_64-linux-gnu --host=x86_64-linux-gnu --target=x86_64-linux-gnu --with-build-config=bootstrap-lto-lean --enable-link-mutex
Thread model: posix
Supported LTO compression algorithms: zlib zstd
gcc version 10.2.1 20210110 (Debian 10.2.1-6) 
... rest of stderr output deleted ...
configure:3747: $? = 0
configure:3736: gcc -V >&5
gcc: error: unrecognized command-line option '-V'
gcc: fatal error: no input files
compilation terminated.
configure:3747: $? = 1
configure:3736: gcc -qversion >&5
gcc: error: unrecognized command-line option '-qversion'; did you mean '--version'?
gcc: fatal error: no input files
compilation terminated.
configure:3747: $? = 1
configure:3767: checking whether the C compiler works
configure:3789: gcc    conftest.c  >&5
configure:3793: $? = 0
configure:3841: result: yes
configure:3844: checking for C compiler default output file name
configure:3846: result: a.out
configure:3852: checking for suffix of executables
configure:3859: gcc -o conftest    conftest.c  >&5
configure:3863: $? = 0
configure:3885: result: 
configure:3907: checking whether we are cross compiling
configure:3915: gcc -o conftest    conftest.c  >&5
configure:3919: $? = 0
configure:3926: ./conftest
configure:3930: $? = 0
configure:3945: result: no
configure:3950: checking for suffix of object files
configure:3972: gcc -c   conftest.c >&5
configure:3976: $? = 0
configure:3997: result: o
configure:4001: checking whether we are using the GNU C compiler
configure:4020: gcc -c   conftest.c >&5
configure:4020: $? = 0
configure:4029: result: yes
configure:4038: checking whether gcc accepts -g
configure:4058: gcc -c -g  conftest.c >&5
configure:4058: $? = 0
configure:4099: result: yes
configure:4116: checking for gcc option to accept ISO C89
configure:4179: gcc  -c -g -O2  conftest.c >&5
configure:4179: $? = 0
configure:4192: result: none needed
configure:4217: checking whether gcc understands -c and -o together
configure:4239: gcc -c conftest.c -o conftest2.o
configure:4242: $? = 0
configure:4239: gcc -c conftest.c -o conftest2.o
configure:4242: $? = 0
configure:4254: result: yes
configure:4273: checking dependency style of gcc
configure:4384: result: none
configure:4405: checking how to run the C preprocessor
configure:4436: gcc -E  conftest.c
configure:4436: $? = 0
configure:4450: gcc -E  conftest.c
conftest.c:12:10: fatal error: ac_nonexistent.h: No such file or directory
   12 | #include <ac_nonexistent.h>
      |          ^~~~~~~~~~~~~~~~~~
compilation terminated.
configure:4450: $? = 1
configure: failed program was:
| /* confdefs.h */
| #define PACKAGE_NAME "disk-manager"
| #define PACKAGE_TARNAME "disk-manager"
| #define PACKAGE_VERSION "1.1.1"
| #define PACKAGE_STRING "disk-manager 1.1.1"
| #define PACKAGE_BUGREPORT "http://flomertens.free.fr/disk-manager/"
| #define PACKAGE_URL ""
| #define PACKAGE "disk-manager"
| #define VERSION "1.1.1"
| #define GETTEXT_PACKAGE "disk-manager"
| /* end confdefs.h.  */
| #include <ac_nonexistent.h>
configure:4475: result: gcc -E
configure:4495: gcc -E  conftest.c
configure:4495: $? = 0
configure:4509: gcc -E  conftest.c
conftest.c:12:10: fatal error: ac_nonexistent.h: No such file or directory
   12 | #include <ac_nonexistent.h>
      |          ^~~~~~~~~~~~~~~~~~
compilation terminated.
configure:4509: $? = 1
configure: failed program was:
| /* confdefs.h */
| #define PACKAGE_NAME "disk-manager"
| #define PACKAGE_TARNAME "disk-manager"
| #define PACKAGE_VERSION "1.1.1"
| #define PACKAGE_STRING "disk-manager 1.1.1"
| #define PACKAGE_BUGREPORT "http://flomertens.free.fr/disk-manager/"
| #define PACKAGE_URL ""
| #define PACKAGE "disk-manager"
| #define VERSION "1.1.1"
| #define GETTEXT_PACKAGE "disk-manager"
| /* end confdefs.h.  */
| #include <ac_nonexistent.h>
configure:4538: checking for grep that handles long lines and -e
configure:4596: result: /usr/bin/grep
configure:4601: checking for egrep
configure:4663: result: /usr/bin/grep -E
configure:4668: checking for ANSI C header files
configure:4688: gcc -c -g -O2  conftest.c >&5
configure:4688: $? = 0
configure:4761: gcc -o conftest -g -O2   conftest.c  >&5
configure:4761: $? = 0
configure:4761: ./conftest
configure:4761: $? = 0
configure:4772: result: yes
configure:4785: checking for sys/types.h
configure:4785: gcc -c -g -O2  conftest.c >&5
configure:4785: $? = 0
configure:4785: result: yes
configure:4785: checking for sys/stat.h
configure:4785: gcc -c -g -O2  conftest.c >&5
configure:4785: $? = 0
configure:4785: result: yes
configure:4785: checking for stdlib.h
configure:4785: gcc -c -g -O2  conftest.c >&5
configure:4785: $? = 0
configure:4785: result: yes
configure:4785: checking for string.h
configure:4785: gcc -c -g -O2  conftest.c >&5
configure:4785: $? = 0
configure:4785: result: yes
configure:4785: checking for memory.h
configure:4785: gcc -c -g -O2  conftest.c >&5
configure:4785: $? = 0
configure:4785: result: yes
configure:4785: checking for strings.h
configure:4785: gcc -c -g -O2  conftest.c >&5
configure:4785: $? = 0
configure:4785: result: yes
configure:4785: checking for inttypes.h
configure:4785: gcc -c -g -O2  conftest.c >&5
configure:4785: $? = 0
configure:4785: result: yes
configure:4785: checking for stdint.h
configure:4785: gcc -c -g -O2  conftest.c >&5
configure:4785: $? = 0
configure:4785: result: yes
configure:4785: checking for unistd.h
configure:4785: gcc -c -g -O2  conftest.c >&5
configure:4785: $? = 0
configure:4785: result: yes
configure:4800: checking locale.h usability
configure:4800: gcc -c -g -O2  conftest.c >&5
configure:4800: $? = 0
configure:4800: result: yes
configure:4800: checking locale.h presence
configure:4800: gcc -E  conftest.c
configure:4800: $? = 0
configure:4800: result: yes
configure:4800: checking for locale.h
configure:4800: result: yes
configure:4811: checking for LC_MESSAGES
configure:4827: gcc -o conftest -g -O2   conftest.c  >&5
configure:4827: $? = 0
configure:4835: result: yes
configure:4853: checking for CFPreferencesCopyAppValue
configure:4871: gcc -o conftest -g -O2   conftest.c  -Wl,-framework -Wl,CoreFoundation >&5
conftest.c:24:10: fatal error: CoreFoundation/CFPreferences.h: No such file or directory
   24 | #include <CoreFoundation/CFPreferences.h>
      |          ^~~~~~~~~~~~~~~~~~~~~~~~~~~~~~~~
compilation terminated.
configure:4871: $? = 1
configure: failed program was:
| /* confdefs.h */
| #define PACKAGE_NAME "disk-manager"
| #define PACKAGE_TARNAME "disk-manager"
| #define PACKAGE_VERSION "1.1.1"
| #define PACKAGE_STRING "disk-manager 1.1.1"
| #define PACKAGE_BUGREPORT "http://flomertens.free.fr/disk-manager/"
| #define PACKAGE_URL ""
| #define PACKAGE "disk-manager"
| #define VERSION "1.1.1"
| #define GETTEXT_PACKAGE "disk-manager"
| #define STDC_HEADERS 1
| #define HAVE_SYS_TYPES_H 1
| #define HAVE_SYS_STAT_H 1
| #define HAVE_STDLIB_H 1
| #define HAVE_STRING_H 1
| #define HAVE_MEMORY_H 1
| #define HAVE_STRINGS_H 1
| #define HAVE_INTTYPES_H 1
| #define HAVE_STDINT_H 1
| #define HAVE_UNISTD_H 1
| #define HAVE_LOCALE_H 1
| #define HAVE_LC_MESSAGES 1
| /* end confdefs.h.  */
| #include <CoreFoundation/CFPreferences.h>
| int
| main ()
| {
| CFPreferencesCopyAppValue(NULL, NULL)
|   ;
|   return 0;
| }
configure:4880: result: no
configure:4887: checking for CFLocaleCopyCurrent
configure:4905: gcc -o conftest -g -O2   conftest.c  -Wl,-framework -Wl,CoreFoundation >&5
conftest.c:24:10: fatal error: CoreFoundation/CFLocale.h: No such file or directory
   24 | #include <CoreFoundation/CFLocale.h>
      |          ^~~~~~~~~~~~~~~~~~~~~~~~~~~
compilation terminated.
configure:4905: $? = 1
configure: failed program was:
| /* confdefs.h */
| #define PACKAGE_NAME "disk-manager"
| #define PACKAGE_TARNAME "disk-manager"
| #define PACKAGE_VERSION "1.1.1"
| #define PACKAGE_STRING "disk-manager 1.1.1"
| #define PACKAGE_BUGREPORT "http://flomertens.free.fr/disk-manager/"
| #define PACKAGE_URL ""
| #define PACKAGE "disk-manager"
| #define VERSION "1.1.1"
| #define GETTEXT_PACKAGE "disk-manager"
| #define STDC_HEADERS 1
| #define HAVE_SYS_TYPES_H 1
| #define HAVE_SYS_STAT_H 1
| #define HAVE_STDLIB_H 1
| #define HAVE_STRING_H 1
| #define HAVE_MEMORY_H 1
| #define HAVE_STRINGS_H 1
| #define HAVE_INTTYPES_H 1
| #define HAVE_STDINT_H 1
| #define HAVE_UNISTD_H 1
| #define HAVE_LOCALE_H 1
| #define HAVE_LC_MESSAGES 1
| /* end confdefs.h.  */
| #include <CoreFoundation/CFLocale.h>
| int
| main ()
| {
| CFLocaleCopyCurrent();
|   ;
|   return 0;
| }
configure:4914: result: no
configure:4928: checking libintl.h usability
configure:4928: gcc -c -g -O2  conftest.c >&5
configure:4928: $? = 0
configure:4928: result: yes
configure:4928: checking libintl.h presence
configure:4928: gcc -E  conftest.c
configure:4928: $? = 0
configure:4928: result: yes
configure:4928: checking for libintl.h
configure:4928: result: yes
configure:4936: checking for ngettext in libc
configure:4954: gcc -o conftest -g -O2   conftest.c  >&5
configure:4954: $? = 0
configure:4963: result: yes
configure:4967: checking for dgettext in libc
configure:4985: gcc -o conftest -g -O2   conftest.c  >&5
configure:4985: $? = 0
configure:4994: result: yes
configure:5001: checking for bind_textdomain_codeset
configure:5001: gcc -o conftest -g -O2   conftest.c  >&5
configure:5001: $? = 0
configure:5001: result: yes
configure:5277: checking for msgfmt
configure:5304: result: /usr/bin/msgfmt
configure:5315: checking for dcgettext
configure:5315: gcc -o conftest -g -O2   conftest.c   >&5
conftest.c:49:6: warning: conflicting types for built-in function 'dcgettext'; expected 'char *(const char *, const char *, int)' [-Wbuiltin-declaration-mismatch]
   49 | char dcgettext ();
      |      ^~~~~~~~~
configure:5315: $? = 0
configure:5315: result: yes
configure:5325: checking if msgfmt accepts -c
configure:5340: $MSGFMT -c -o /dev/null conftest.foo
conftest.foo:3: warning: header field 'Language' missing in header
configure:5343: $? = 0
configure:5345: result: yes
configure:5355: checking for gmsgfmt
configure:5386: result: /usr/bin/msgfmt
configure:5396: checking for xgettext
configure:5423: result: /usr/bin/xgettext
configure:5442: gcc -o conftest -g -O2   conftest.c   >&5
configure:5442: $? = 0
configure:5582: checking whether NLS is requested
configure:5591: result: yes
configure:5609: checking for intltool >= 0.35.0
configure:5611: result:  found
configure:5614: error: Your intltool is too old.  You need intltool 0.35.0 or later.

## ---------------- ##
## Cache variables. ##
## ---------------- ##

ac_cv_c_compiler_gnu=yes
ac_cv_env_CC_set=
ac_cv_env_CC_value=
ac_cv_env_CFLAGS_set=
ac_cv_env_CFLAGS_value=
ac_cv_env_CPPFLAGS_set=
ac_cv_env_CPPFLAGS_value=
ac_cv_env_CPP_set=
ac_cv_env_CPP_value=
ac_cv_env_LDFLAGS_set=
ac_cv_env_LDFLAGS_value=
ac_cv_env_LIBS_set=
ac_cv_env_LIBS_value=
ac_cv_env_PYTHON_set=
ac_cv_env_PYTHON_value=
ac_cv_env_build_alias_set=
ac_cv_env_build_alias_value=
ac_cv_env_host_alias_set=
ac_cv_env_host_alias_value=
ac_cv_env_target_alias_set=
ac_cv_env_target_alias_value=
ac_cv_func_bind_textdomain_codeset=yes
ac_cv_func_dcgettext=yes
ac_cv_header_inttypes_h=yes
ac_cv_header_libintl_h=yes
ac_cv_header_locale_h=yes
ac_cv_header_memory_h=yes
ac_cv_header_stdc=yes
ac_cv_header_stdint_h=yes
ac_cv_header_stdlib_h=yes
ac_cv_header_string_h=yes
ac_cv_header_strings_h=yes
ac_cv_header_sys_stat_h=yes
ac_cv_header_sys_types_h=yes
ac_cv_header_unistd_h=yes
ac_cv_objext=o
ac_cv_path_BLKID=/sbin/blkid
ac_cv_path_DMSETUP=/sbin/dmsetup
ac_cv_path_EGREP='/usr/bin/grep -E'
ac_cv_path_GMSGFMT=/usr/bin/msgfmt
ac_cv_path_GREP=/usr/bin/grep
ac_cv_path_MODPROBE=/sbin/modprobe
ac_cv_path_MOUNT=/usr/bin/mount
ac_cv_path_MSGFMT=/usr/bin/msgfmt
ac_cv_path_PYTHON=/usr/bin/python3
ac_cv_path_UMOUNT=/usr/bin/umount
ac_cv_path_XGETTEXT=/usr/bin/xgettext
ac_cv_path_install='/usr/bin/install -c'
ac_cv_path_mkdir=/usr/bin/mkdir
ac_cv_prog_AWK=gawk
ac_cv_prog_CPP='gcc -E'
ac_cv_prog_SUHANDLER=su-to-root
ac_cv_prog_ac_ct_CC=gcc
ac_cv_prog_cc_c89=
ac_cv_prog_cc_g=yes
ac_cv_prog_make_make_set=yes
am_cv_CC_dependencies_compiler_type=none
am_cv_make_support_nested_variables=yes
am_cv_prog_cc_c_o=yes
am_cv_python_platform=linux
am_cv_python_pyexecdir='${exec_prefix}/lib/python3.9/site-packages'
am_cv_python_pythondir='${prefix}/lib/python3.9/site-packages'
am_cv_python_version=3.9
am_cv_val_LC_MESSAGES=yes
gt_cv_func_CFLocaleCopyCurrent=no
gt_cv_func_CFPreferencesCopyAppValue=no
gt_cv_func_dgettext_libc=yes
gt_cv_func_dgettext_libintl=no
gt_cv_func_ngettext_libc=yes
gt_cv_have_gettext=yes

## ----------------- ##
## Output variables. ##
## ----------------- ##

ACLOCAL='${SHELL} /home/sd/git/mxlinux/disk-manager/disk-manager-1.1.1/missing aclocal-1.16'
ALL_LINGUAS=''
AMDEPBACKSLASH='\'
AMDEP_FALSE='#'
AMDEP_TRUE=''
AMTAR='$${TAR-tar}'
AM_BACKSLASH='\'
AM_DEFAULT_V='$(AM_DEFAULT_VERBOSITY)'
AM_DEFAULT_VERBOSITY='1'
AM_V='$(V)'
AUTOCONF='${SHELL} /home/sd/git/mxlinux/disk-manager/disk-manager-1.1.1/missing autoconf'
AUTOHEADER='${SHELL} /home/sd/git/mxlinux/disk-manager/disk-manager-1.1.1/missing autoheader'
AUTOMAKE='${SHELL} /home/sd/git/mxlinux/disk-manager/disk-manager-1.1.1/missing automake-1.16'
AWK='gawk'
BLKID='/sbin/blkid'
CATALOGS=''
CATOBJEXT='.gmo'
CC='gcc'
CCDEPMODE='depmode=none'
CFLAGS='-g -O2'
CPP='gcc -E'
CPPFLAGS=''
CYGPATH_W='echo'
DATADIRNAME='share'
DEFS=''
DEPDIR='.deps'
DMSETUP='/sbin/dmsetup'
ECHO_C=''
ECHO_N='-n'
ECHO_T=''
EGREP='/usr/bin/grep -E'
EXEEXT=''
GETTEXT_PACKAGE='disk-manager'
GMOFILES=''
GMSGFMT='/usr/bin/msgfmt'
GREP='/usr/bin/grep'
INSTALL_DATA='${INSTALL} -m 644'
INSTALL_PROGRAM='${INSTALL}'
INSTALL_SCRIPT='${INSTALL}'
INSTALL_STRIP_PROGRAM='$(install_sh) -c -s'
INSTOBJEXT='.mo'
INTLLIBS=''
INTLTOOL_CAVES_RULE=''
INTLTOOL_DESKTOP_RULE=''
INTLTOOL_DIRECTORY_RULE=''
INTLTOOL_EXTRACT=''
INTLTOOL_KBD_RULE=''
INTLTOOL_KEYS_RULE=''
INTLTOOL_MERGE=''
INTLTOOL_OAF_RULE=''
INTLTOOL_PERL=''
INTLTOOL_POLICY_RULE=''
INTLTOOL_PONG_RULE=''
INTLTOOL_PROP_RULE=''
INTLTOOL_SCHEMAS_RULE=''
INTLTOOL_SERVER_RULE=''
INTLTOOL_SERVICE_RULE=''
INTLTOOL_SHEET_RULE=''
INTLTOOL_SOUNDLIST_RULE=''
INTLTOOL_THEME_RULE=''
INTLTOOL_UI_RULE=''
INTLTOOL_UPDATE=''
INTLTOOL_V_MERGE=''
INTLTOOL_V_MERGE_OPTIONS=''
INTLTOOL_XAM_RULE=''
INTLTOOL_XML_NOMERGE_RULE=''
INTLTOOL_XML_RULE=''
INTLTOOL__v_MERGE_0=''
INTLTOOL__v_MERGE_=''
INTL_MACOSX_LIBS=''
LDFLAGS=''
LIBOBJS=''
LIBS=''
LTLIBOBJS=''
MAINT='#'
MAINTAINER_MODE_FALSE=''
MAINTAINER_MODE_TRUE='#'
MAKEINFO='${SHELL} /home/sd/git/mxlinux/disk-manager/disk-manager-1.1.1/missing makeinfo'
MKDIR_P='/usr/bin/mkdir -p'
MKINSTALLDIRS='./mkinstalldirs'
MODPROBE='/sbin/modprobe'
MOUNT='/usr/bin/mount'
MSGFMT='/usr/bin/msgfmt'
MSGFMT_OPTS='-c'
MSGMERGE=''
OBJEXT='o'
PACKAGE='disk-manager'
PACKAGE_BUGREPORT='http://flomertens.free.fr/disk-manager/'
PACKAGE_NAME='disk-manager'
PACKAGE_STRING='disk-manager 1.1.1'
PACKAGE_TARNAME='disk-manager'
PACKAGE_URL=''
PACKAGE_VERSION='1.1.1'
PATH_SEPARATOR=':'
POFILES=''
POSUB='po'
PO_IN_DATADIR_FALSE=''
PO_IN_DATADIR_TRUE=''
PYOPTIONS='-OOt'
PYTHON='/usr/bin/python3'
PYTHON_EXEC_PREFIX='${exec_prefix}'
PYTHON_PLATFORM='linux'
PYTHON_PREFIX='${prefix}'
PYTHON_VERSION='3.9'
SET_MAKE=''
SHELL='/bin/bash'
STRIP=''
SUHANDLER='su-to-root -X -c'
UMOUNT='/usr/bin/umount'
USE_NLS='yes'
VERSION='1.1.1'
XGETTEXT='/usr/bin/xgettext'
ac_ct_CC='gcc'
am__EXEEXT_FALSE=''
am__EXEEXT_TRUE=''
am__fastdepCC_FALSE=''
am__fastdepCC_TRUE='#'
am__include='include'
am__isrc=''
am__leading_dot='.'
am__nodep='_no'
am__quote=''
am__tar='$${TAR-tar} chof - "$$tardir"'
am__untar='$${TAR-tar} xf -'
bindir='${exec_prefix}/bin'
build_alias=''
datadir='/home/sd/git/mxlinux/disk-manager/disk-manager-1.1.1/data'
datarootdir='${prefix}/share'
docdir='${datarootdir}/doc/${PACKAGE_TARNAME}'
dvidir='${docdir}'
exec_prefix='NONE'
host_alias=''
htmldir='${docdir}'
includedir='${prefix}/include'
infodir='${datarootdir}/info'
install_sh='${SHELL} /home/sd/git/mxlinux/disk-manager/disk-manager-1.1.1/install-sh'
intltool__v_merge_options_0=''
intltool__v_merge_options_=''
libdir='${exec_prefix}/lib'
libexecdir='${exec_prefix}/libexec'
localedir='${datarootdir}/locale'
localstatedir='${prefix}/var'
mandir='${datarootdir}/man'
mkdir_p='$(MKDIR_P)'
oldincludedir='/usr/include'
pdfdir='${docdir}'
pkgpyexecdir='${pyexecdir}/disk-manager'
pkgpythondir='${pythondir}/disk-manager'
prefix='NONE'
program_transform_name='s,x,x,'
psdir='${docdir}'
pyexecdir='${exec_prefix}/lib/python3.9/site-packages'
pythondir='${prefix}/lib/python3.9/site-packages'
runstatedir='${localstatedir}/run'
sbindir='${exec_prefix}/sbin'
sharedstatedir='${prefix}/com'
sysconfdir='${prefix}/etc'
target_alias=''

## ----------- ##
## confdefs.h. ##
## ----------- ##

/* confdefs.h */
#define PACKAGE_NAME "disk-manager"
#define PACKAGE_TARNAME "disk-manager"
#define PACKAGE_VERSION "1.1.1"
#define PACKAGE_STRING "disk-manager 1.1.1"
#define PACKAGE_BUGREPORT "http://flomertens.free.fr/disk-manager/"
#define PACKAGE_URL ""
#define PACKAGE "disk-manager"
#define VERSION "1.1.1"
#define GETTEXT_PACKAGE "disk-manager"
#define STDC_HEADERS 1
#define HAVE_SYS_TYPES_H 1
#define HAVE_SYS_STAT_H 1
#define HAVE_STDLIB_H 1
#define HAVE_STRING_H 1
#define HAVE_MEMORY_H 1
#define HAVE_STRINGS_H 1
#define HAVE_INTTYPES_H 1
#define HAVE_STDINT_H 1
#define HAVE_UNISTD_H 1
#define HAVE_LOCALE_H 1
#define HAVE_LC_MESSAGES 1
#define HAVE_BIND_TEXTDOMAIN_CODESET 1
#define HAVE_GETTEXT 1
#define HAVE_DCGETTEXT 1
#define ENABLE_NLS 1

configure: exit 1

## ---------------------- ##
## Running config.status. ##
## ---------------------- ##

This file was extended by disk-manager config.status 1.1.1, which was
generated by GNU Autoconf 2.69.  Invocation command line was

  CONFIG_FILES    = 
  CONFIG_HEADERS  = 
  CONFIG_LINKS    = 
  CONFIG_COMMANDS = 
  $ ./config.status 

on beast

config.status:882: creating Makefile
config.status:882: creating disk-manager
config.status:882: creating po/Makefile.in
config.status:882: creating DiskManager/Makefile
config.status:882: creating DiskManager/config.py
config.status:882: creating DiskManager/Fstab/Makefile
config.status:882: creating DiskManager/Fstab/Fstabconfig.py
config.status:882: creating data/Makefile
config.status:882: creating data/disk-manager.desktop.in
config.status:882: creating data/icons/Makefile
config.status:882: creating data/icons/16x16/Makefile
config.status:882: creating data/icons/22x22/Makefile
config.status:882: creating data/icons/24x24/Makefile
config.status:882: creating data/icons/scalable/Makefile
config.status:1054: executing depfiles commands
config.status:1054: executing default-1 commands
config.status:1054: executing po/stamp-it commands
